[+] Containers:
 |- [+] Container: /Game/FirstPerson/Maps/FirstPersonMap
 |   |- [+] ActorDescs:
 |   |   |- Guid:051A3F644BDF0D2EA5467587F275BE0F BaseClass: NativeClass:/Script/Engine.StaticMeshActor Name:StaticMeshActor_UAID_B025AA330DF5B36801_1262974487 Label:SM_Cube2 SpatiallyLoaded:1 Bounds:IsValid=true, Min=(X=0.000 Y=3500.000 Z=-50.000), Max=(X=3000.000 Y=7000.000 Z=0.000) RuntimeGrid:None EditorOnly:0 RuntimeOnly:0 HLODRelevant:1 FolderPath:Playground FolderGuid:6C02BB504B69D1F3D7A624B130C18E5B
 |   |   |- Guid:0B4192594E49AB40EC280E90A1E2A1DA BaseClass: NativeClass:/Script/Engine.StaticMeshActor Name:StaticMeshActor_UAID_B025AA330DF5B46801_1145545680 Label:Box9 SpatiallyLoaded:1 Bounds:IsValid=true, Min=(X=2096.364 Y=4900.000 Z=0.000), Max=(X=2423.636 Y=5000.000 Z=360.000) RuntimeGrid:None EditorOnly:0 RuntimeOnly:0 HLODRelevant:0
 |   |   |- Guid:0B6CAEE64404B05F503245B3870D366E BaseClass: NativeClass:/Script/Engine.StaticMeshActor Name:StaticMeshActor_UAID_B025AA330DF5B46801_1381185683 Label:Box12 SpatiallyLoaded:1 Bounds:IsValid=true, Min=(X=1490.000 Y=7883.057 Z=0.000), Max=(X=1590.000 Y=8196.943 Z=360.000) RuntimeGrid:None EditorOnly:0 RuntimeOnly:0 HLODRelevant:0
 |   |   |- Guid:0BF261DF4B0AE5339D745DA0E7922B80 BaseClass: NativeClass:/Script/Engine.StaticMeshActor Name:StaticMeshActor_UAID_B025AA330DF54D6901_1602702597 Label:Box24 SpatiallyLoaded:1 Bounds:IsValid=true, Min=(X=1000.000 Y=13690.000 Z=0.000), Max=(X=1100.000 Y=16690.000 Z=360.000) RuntimeGrid:None EditorOnly:0 RuntimeOnly:0 HLODRelevant:0
 |   |   |- Guid:0DAB89254791B4DB427247A9A8D0BAC2 BaseClass: NativeClass:/Script/Engine.StaticMeshActor Name:StaticMeshActor_UAID_B025AA330DF5516901_1124476300 Label:Box34 SpatiallyLoaded:1 Bounds:IsValid=true, Min=(X=2610.000 Y=26125.000 Z=0.000), Max=(X=2710.000 Y=26375.000 Z=360.000) RuntimeGrid:None EditorOnly:0 RuntimeOnly:0 HLODRelevant:0
 |   |   |- Guid:144E0FD3466BE606673023A7263752D5 BaseClass: NativeClass:/Script/Engine.StaticMeshActor Name:StaticMeshActor_UAID_B025AA330DF5B36801_1425008495 Label:SM_Cube10 SpatiallyLoaded:1 Bounds:IsValid=true, Min=(X=0.000 Y=31500.000 Z=-50.000), Max=(X=3000.000 Y=35000.000 Z=0.000) RuntimeGrid:None EditorOnly:0 RuntimeOnly:0 HLODRelevant:1 FolderPath:Playground FolderGuid:6C02BB504B69D1F3D7A624B130C18E5B
 |   |   |- Guid:1874446D46C981AB1CA35186AABF99C1 BaseClass: NativeClass:/Script/Engine.StaticMeshActor Name:StaticMeshActor_UAID_B025AA330DF5B36801_1958683498 Label:Box3 SpatiallyLoaded:1 Bounds:IsValid=true, Min=(X=1230.000 Y=3212.500 Z=0.000), Max=(X=1330.000 Y=3787.500 Z=360.000) RuntimeGrid:None EditorOnly:0 RuntimeOnly:0 HLODRelevant:0
 |   |   |- Guid:18FAFF8F4E9B46BC33FE37B641863187 BaseClass: NativeClass:/Script/Engine.StaticMeshActor Name:StaticMeshActor_UAID_B025AA330DF5B46801_1207609681 Label:Box10 SpatiallyLoaded:1 Bounds:IsValid=true, Min=(X=1590.000 Y=5000.000 Z=0.000), Max=(X=1690.000 Y=8000.000 Z=360.000) RuntimeGrid:None EditorOnly:0 RuntimeOnly:0 HLODRelevant:0
 |   |   |- Guid:19146C5C4ECB506585C911A21FE63D2A BaseClass: NativeClass:/Script/Engine.StaticMeshActor Name:StaticMeshActor_UAID_B025AA330DF5536901_1710639675 Label:SM_Cube11 SpatiallyLoaded:1 Bounds:IsValid=true, Min=(X=3000.000 Y=4400.000 Z=-50.000), Max=(X=6000.000 Y=9223.668 Z=0.000) RuntimeGrid:None EditorOnly:0 RuntimeOnly:0 HLODRelevant:1 FolderPath:Playground FolderGuid:6C02BB504B69D1F3D7A624B130C18E5B
 |   |   |- Guid:1992C32F4260EEE1AAA1CFA219F2B56C BaseClass: NativeClass:/Script/Engine.StaticMeshActor Name:StaticMeshActor_UAID_B025AA330DF5B46801_1657153688 Label:Box17 SpatiallyLoaded:1 Bounds:IsValid=true, Min=(X=1951.195 Y=7999.899 Z=0.000), Max=(X=2588.805 Y=8560.101 Z=360.000) RuntimeGrid:None EditorOnly:0 RuntimeOnly:0 HLODRelevant:0
 |   |   |- Guid:1BF507984EFD5C29D4BBBC905108DCCE BaseClass: NativeClass:/Script/Engine.StaticMeshActor Name:StaticMeshActor_UAID_B025AA330DF5516901_1551495307 Label:Box41 SpatiallyLoaded:1 Bounds:IsValid=true, Min=(X=-500.000 Y=22640.000 Z=0.000), Max=(X=1100.000 Y=23640.000 Z=360.000) RuntimeGrid:None EditorOnly:0 RuntimeOnly:0 HLODRelevant:0
 |   |   |- Guid:21146E8342ABDC2857F1C2ACED8B42ED BaseClass: NativeClass:/Script/Engine.StaticMeshActor Name:StaticMeshActor_UAID_B025AA330DF54D6901_1301237596 Label:Box23 SpatiallyLoaded:1 Bounds:IsValid=true, Min=(X=343.933 Y=12902.198 Z=0.000), Max=(X=1116.067 Y=13757.802 Z=360.000) RuntimeGrid:None EditorOnly:0 RuntimeOnly:0 HLODRelevant:0
 |   |   |- Guid:267D28BD41B4498C98FC1187F15AB1B4 BaseClass: NativeClass:/Script/Engine.StaticMeshActor Name:StaticMeshActor_UAID_B025AA330DF5B46801_1678864689 Label:Box18 SpatiallyLoaded:1 Bounds:IsValid=true, Min=(X=1950.000 Y=9480.000 Z=0.000), Max=(X=2050.000 Y=10480.000 Z=360.000) RuntimeGrid:None EditorOnly:0 RuntimeOnly:0 HLODRelevant:0
 |   |   |- Guid:2DDDA9E5416A2E07FF040798D084D7FB BaseClass: NativeClass:/Script/Engine.StaticMeshActor Name:StaticMeshActor_UAID_B025AA330DF5536901_1481314670 Label:Box50 SpatiallyLoaded:1 Bounds:IsValid=true, Min=(X=2530.000 Y=8000.000 Z=0.000), Max=(X=3530.000 Y=8100.000 Z=360.000) RuntimeGrid:None EditorOnly:0 RuntimeOnly:0 HLODRelevant:0
 |   |   |- Guid:2E508AF94B0ACAA23B8C768739DE168C BaseClass: NativeClass:/Script/Engine.StaticMeshActor Name:StaticMeshActor_UAID_B025AA330DF54D6901_1217735594 Label:Box21 SpatiallyLoaded:1 Bounds:IsValid=true, Min=(X=243.715 Y=11395.267 Z=0.000), Max=(X=1136.285 Y=12024.733 Z=360.000) RuntimeGrid:None EditorOnly:0 RuntimeOnly:0 HLODRelevant:0
 |   |   |- Guid:30E6147D42A15CDFD40DC083FAA421DD BaseClass: NativeClass:/Script/Engine.StaticMeshActor Name:StaticMeshActor_UAID_B025AA330DF54D6901_1257418595 Label:Box22 SpatiallyLoaded:1 Bounds:IsValid=true, Min=(X=217.337 Y=11973.039 Z=0.000), Max=(X=422.663 Y=12926.961 Z=360.000) RuntimeGrid:None EditorOnly:0 RuntimeOnly:0 HLODRelevant:0
 |   |   |- Guid:31E1EAF34508066CB2FEC19B083D5362 BaseClass: NativeClass:/Script/Engine.StaticMeshActor Name:StaticMeshActor_UAID_B025AA330DF5B36801_1417989494 Label:SM_Cube9 SpatiallyLoaded:1 Bounds:IsValid=true, Min=(X=0.000 Y=28000.000 Z=-50.000), Max=(X=3000.000 Y=31500.000 Z=0.000) RuntimeGrid:None EditorOnly:0 RuntimeOnly:0 HLODRelevant:1 FolderPath:Playground FolderGuid:6C02BB504B69D1F3D7A624B130C18E5B
 |   |   |- Guid:342A549243AD56EC6B2D69B593403087 BaseClass: NativeClass:/Script/Engine.StaticMeshActor Name:StaticMeshActor_UAID_B025AA330DF5516901_1074896299 Label:Box33 SpatiallyLoaded:1 Bounds:IsValid=true, Min=(X=1865.000 Y=26030.000 Z=0.000), Max=(X=2615.000 Y=26130.000 Z=360.000) RuntimeGrid:None EditorOnly:0 RuntimeOnly:0 HLODRelevant:0
 |   |   |- Guid:36173BF041743B3FD76EDA8AD82A3385 BaseClass: NativeClass:/Script/Engine.StaticMeshActor Name:StaticMeshActor_UAID_B025AA330DF5B36801_1407538492 Label:SM_Cube7 SpatiallyLoaded:1 Bounds:IsValid=true, Min=(X=0.000 Y=21000.000 Z=-50.000), Max=(X=3000.000 Y=24500.000 Z=0.000) RuntimeGrid:None EditorOnly:0 RuntimeOnly:0 HLODRelevant:1 FolderPath:Playground FolderGuid:6C02BB504B69D1F3D7A624B130C18E5B
 |   |   |- Guid:3E2792A947C05BACA44F20A4247F01B0 BaseClass: NativeClass:/Script/Engine.StaticMeshActor Name:StaticMeshActor_UAID_B025AA330DF5B46801_1435705685 Label:Box14 SpatiallyLoaded:1 Bounds:IsValid=true, Min=(X=1052.103 Y=8422.720 Z=0.000), Max=(X=1407.897 Y=8857.280 Z=360.000) RuntimeGrid:None EditorOnly:0 RuntimeOnly:0 HLODRelevant:0
 |   |   |- Guid:425B96A24DEA372CD4D3B88D00720C85 BaseClass: NativeClass:/Script/Engine.StaticMeshActor Name:StaticMeshActor_UAID_B025AA330DF5536901_1457919668 Label:Box48 SpatiallyLoaded:1 Bounds:IsValid=true, Min=(X=2530.000 Y=5520.000 Z=0.000), Max=(X=3530.000 Y=5620.000 Z=360.000) RuntimeGrid:None EditorOnly:0 RuntimeOnly:0 HLODRelevant:0
 |   |   |- Guid:427C7E114EDCEE43ADCEFD9AC957BAC0 BaseClass: NativeClass:/Script/Engine.StaticMeshActor Name:StaticMeshActor_UAID_B025AA330DF54F6901_1702011944 Label:Box26 SpatiallyLoaded:1 Bounds:IsValid=true, Min=(X=-1900.000 Y=17110.000 Z=0.000), Max=(X=-400.000 Y=19510.000 Z=360.000) RuntimeGrid:None EditorOnly:0 RuntimeOnly:0 HLODRelevant:0
 |   |   |- Guid:4A51BB9A4F1CB9017054CB957FD35735 BaseClass: NativeClass:/Script/Engine.StaticMeshActor Name:StaticMeshActor_UAID_B025AA330DF5B36801_1790688497 Label:Box2 SpatiallyLoaded:1 Bounds:IsValid=true, Min=(X=669.802 Y=-25.969 Z=0.000), Max=(X=1330.198 Y=3225.969 Z=360.000) RuntimeGrid:None EditorOnly:0 RuntimeOnly:0 HLODRelevant:0
 |   |   |- Guid:4A88B6C740FD60F6CBDAA29F908519C2 BaseClass: NativeClass:/Script/Engine.StaticMeshActor Name:StaticMeshActor_UAID_B025AA330DF54F6901_1634472943 Label:Box25 SpatiallyLoaded:1 Bounds:IsValid=true, Min=(X=-400.000 Y=17110.000 Z=0.000), Max=(X=1100.000 Y=17910.000 Z=360.000) RuntimeGrid:None EditorOnly:0 RuntimeOnly:0 HLODRelevant:0
 |   |   |- Guid:4D9FA39149E224464239A1A35CCFA9C3 BaseClass: NativeClass:/Script/Engine.StaticMeshActor Name:StaticMeshActor_UAID_B025AA330DF5516901_1192492303 Label:Box37 SpatiallyLoaded:1 Bounds:IsValid=true, Min=(X=2810.000 Y=26855.000 Z=0.000), Max=(X=2910.000 Y=27105.000 Z=360.000) RuntimeGrid:None EditorOnly:0 RuntimeOnly:0 HLODRelevant:0
 |   |   |- Guid:4EF22A9B4373C456A06D32AE88213BE5 BaseClass: NativeClass:/Script/Engine.StaticMeshActor Name:StaticMeshActor_UAID_B025AA330DF5536901_1552344672 Label:Box11 SpatiallyLoaded:1 Bounds:IsValid=true, Min=(X=2094.927 Y=4941.960 Z=0.000), Max=(X=2605.073 Y=5618.040 Z=360.000) RuntimeGrid:None EditorOnly:0 RuntimeOnly:0 HLODRelevant:0
 |   |   |- Guid:4F6B00964339E63D0252CB94C2A73FAD BaseClass: NativeClass:/Script/Engine.StaticMeshActor Name:StaticMeshActor_UAID_B025AA330DF5B36801_1285932488 Label:SM_Cube3 SpatiallyLoaded:1 Bounds:IsValid=true, Min=(X=0.000 Y=7000.000 Z=-50.000), Max=(X=3000.000 Y=10500.000 Z=0.000) RuntimeGrid:None EditorOnly:0 RuntimeOnly:0 HLODRelevant:1 FolderPath:Playground FolderGuid:6C02BB504B69D1F3D7A624B130C18E5B
 |   |   |- Guid:517D9AE1409FF72B0304BA8E8D129F5A BaseClass: NativeClass:/Script/Engine.StaticMeshActor Name:StaticMeshActor_UAID_B025AA330DF5536901_2024630677 Label:Box53 SpatiallyLoaded:1 Bounds:IsValid=true, Min=(X=4817.430 Y=4660.000 Z=0.000), Max=(X=5402.570 Y=4760.000 Z=360.000) RuntimeGrid:None EditorOnly:0 RuntimeOnly:0 HLODRelevant:0
 |   |   |- Guid:58F41B9B46494899FD9C1B864CC2DD0F BaseClass: NativeClass:/Script/Engine.StaticMeshActor Name:StaticMeshActor_UAID_B025AA330DF5516901_1369375306 Label:Box40 SpatiallyLoaded:1 Bounds:IsValid=true, Min=(X=2300.000 Y=27510.000 Z=0.000), Max=(X=2400.000 Y=30510.000 Z=360.000) RuntimeGrid:None EditorOnly:0 RuntimeOnly:0 HLODRelevant:0
 |   |   |- Guid:5CB5D5204B493AB11EB4038578D0CD59 BaseClass: NativeClass:/Script/Engine.StaticMeshActor Name:StaticMeshActor_UAID_B025AA330DF5546901_1221468857 Label:Box57 SpatiallyLoaded:1 Bounds:IsValid=true, Min=(X=4477.577 Y=5378.967 Z=0.000), Max=(X=4822.423 Y=5621.033 Z=360.000) RuntimeGrid:None EditorOnly:0 RuntimeOnly:0 HLODRelevant:0
 |   |   |- Guid:5FE7584649BB6F09265329A6C57CFD0D BaseClass: NativeClass:/Script/Engine.VolumetricCloud Name:VolumetricCloud_0 Label:VolumetricCloud SpatiallyLoaded:0 Bounds:IsValid=true, Min=(X=0.000 Y=0.000 Z=820.000), Max=(X=0.000 Y=0.000 Z=820.000) RuntimeGrid:None EditorOnly:0 RuntimeOnly:0 HLODRelevant:0 FolderPath:Lighting FolderGuid:0BA5F0A04EADB18E70D5B180D08FA34B
 |   |   |- Guid:61391D344900612A77DFC3BA3E354907 BaseClass: NativeClass:/Script/Engine.ExponentialHeightFog Name:ExponentialHeightFog_0 Label:ExponentialHeightFog SpatiallyLoaded:0 Bounds:IsValid=true, Min=(X=-5600.000 Y=-50.000 Z=-6850.000), Max=(X=-5600.000 Y=-50.000 Z=-6850.000) RuntimeGrid:None EditorOnly:0 RuntimeOnly:0 HLODRelevant:0 FolderPath:Lighting FolderGuid:0BA5F0A04EADB18E70D5B180D08FA34B
 |   |   |- Guid:663E76D542D624444AE2468748C49F5F BaseClass: NativeClass:/Script/Engine.StaticMeshActor Name:StaticMeshActor_UAID_B025AA330DF5506901_1447339120 Label:Box30 SpatiallyLoaded:1 Bounds:IsValid=true, Min=(X=1770.000 Y=22180.000 Z=0.000), Max=(X=1870.000 Y=25180.000 Z=360.000) RuntimeGrid:None EditorOnly:0 RuntimeOnly:0 HLODRelevant:0
 |   |   |- Guid:66ABD90E412E46638D048D90264958DA BaseClass: NativeClass:/Script/Engine.StaticMeshActor Name:StaticMeshActor_UAID_B025AA330DF5536901_1691682673 Label:Box47 SpatiallyLoaded:1 Bounds:IsValid=true, Min=(X=5300.000 Y=4760.000 Z=0.000), Max=(X=5400.000 Y=8960.000 Z=360.000) RuntimeGrid:None EditorOnly:0 RuntimeOnly:0 HLODRelevant:0
 |   |   |- Guid:6812531A427AE41ADFB868AD4B163106 BaseClass: NativeClass:/Script/Engine.StaticMeshActor Name:StaticMeshActor_UAID_B025AA330DF5536901_1464951669 Label:Box49 SpatiallyLoaded:1 Bounds:IsValid=true, Min=(X=3530.000 Y=5520.000 Z=0.000), Max=(X=4530.000 Y=5620.000 Z=360.000) RuntimeGrid:None EditorOnly:0 RuntimeOnly:0 HLODRelevant:0
 |   |   |- Guid:68213A07412E7B5F427CDBBAFEE02F90 BaseClass: NativeClass:/Script/Engine.StaticMeshActor Name:StaticMeshActor_UAID_B025AA330DF5506901_1571028121 Label:Box31 SpatiallyLoaded:1 Bounds:IsValid=true, Min=(X=1770.000 Y=25530.000 Z=0.000), Max=(X=1870.000 Y=26130.000 Z=360.000) RuntimeGrid:None EditorOnly:0 RuntimeOnly:0 HLODRelevant:0
 |   |   |- Guid:6FEFB3BD4EB37B849EF0D4AC80F83855 BaseClass: NativeClass:/Script/Engine.WorldDataLayers Name:WorldDataLayers Label:WorldDataLayers SpatiallyLoaded:0 Bounds:IsValid=true, Min=(X=0.000 Y=0.000 Z=0.000), Max=(X=0.000 Y=0.000 Z=0.000) RuntimeGrid:None EditorOnly:0 RuntimeOnly:0 HLODRelevant:0
 |   |   |- Guid:72D6C55F48BA13796DC74C8ECF8F73AB BaseClass: NativeClass:/Script/Engine.StaticMeshActor Name:StaticMeshActor_UAID_B025AA330DF54D6901_1091680593 Label:Box20 SpatiallyLoaded:1 Bounds:IsValid=true, Min=(X=1030.000 Y=9455.000 Z=0.000), Max=(X=1130.000 Y=11485.000 Z=360.000) RuntimeGrid:None EditorOnly:0 RuntimeOnly:0 HLODRelevant:0
 |   |   |- Guid:748D5A194F33560777744CB871DD9C5B BaseClass: NativeClass:/Script/Engine.StaticMeshActor Name:StaticMeshActor_UAID_B025AA330DF5B36801_1412692493 Label:SM_Cube8 SpatiallyLoaded:1 Bounds:IsValid=true, Min=(X=0.000 Y=24500.000 Z=-50.000), Max=(X=3000.000 Y=28000.000 Z=0.000) RuntimeGrid:None EditorOnly:0 RuntimeOnly:0 HLODRelevant:1 FolderPath:Playground FolderGuid:6C02BB504B69D1F3D7A624B130C18E5B
 |   |   |- Guid:78CAF7514C7533F30BD2F19A017AAB65 BaseClass: NativeClass:/Script/Engine.StaticMeshActor Name:StaticMeshActor_0 Label:SM_Cube SpatiallyLoaded:1 Bounds:IsValid=true, Min=(X=0.000 Y=0.000 Z=-50.000), Max=(X=3000.000 Y=3500.000 Z=0.000) RuntimeGrid:None EditorOnly:0 RuntimeOnly:0 HLODRelevant:1 FolderPath:Playground FolderGuid:6C02BB504B69D1F3D7A624B130C18E5B
 |   |   |- Guid:7C260C1F4CC2C3584BAA248C3743D1B4 BaseClass: NativeClass:/Script/Engine.StaticMeshActor Name:StaticMeshActor_UAID_B025AA330DF5B46801_1387710684 Label:Box13 SpatiallyLoaded:1 Bounds:IsValid=true, Min=(X=1390.000 Y=8173.057 Z=0.000), Max=(X=1490.000 Y=8486.943 Z=360.000) RuntimeGrid:None EditorOnly:0 RuntimeOnly:0 HLODRelevant:0
 |   |   |- Guid:7F63396841AC9AF97E3C8FA2FAD23956 BaseClass: NativeClass:/Script/Engine.StaticMeshActor Name:StaticMeshActor_UAID_B025AA330DF5B36801_2114969501 Label:Box6 SpatiallyLoaded:1 Bounds:IsValid=true, Min=(X=900.000 Y=3700.000 Z=0.000), Max=(X=1000.000 Y=4900.000 Z=360.000) RuntimeGrid:None EditorOnly:0 RuntimeOnly:0 HLODRelevant:0
 |   |   |- Guid:81060E8B461D38078A719E91A4E3F0AE BaseClass: NativeClass:/Script/Engine.StaticMeshActor Name:StaticMeshActor_UAID_B025AA330DF5B36801_1754553496 Label:Box SpatiallyLoaded:1 Bounds:IsValid=true, Min=(X=2007.473 Y=-0.815 Z=0.000), Max=(X=2192.527 Y=3000.815 Z=360.000) RuntimeGrid:None EditorOnly:0 RuntimeOnly:0 HLODRelevant:0
 |   |   |- Guid:8451A6DA4A38339064971EA7D11F6C16 BaseClass: NativeClass:/Script/Engine.StaticMeshActor Name:StaticMeshActor_UAID_B025AA330DF5B36801_1397644490 Label:SM_Cube5 SpatiallyLoaded:1 Bounds:IsValid=true, Min=(X=0.000 Y=14000.000 Z=-50.000), Max=(X=3000.000 Y=17500.000 Z=0.000) RuntimeGrid:None EditorOnly:0 RuntimeOnly:0 HLODRelevant:1 FolderPath:Playground FolderGuid:6C02BB504B69D1F3D7A624B130C18E5B
 |   |   |- Guid:8A2B7C494759FE5D668E2887235FE064 BaseClass: NativeClass:/Script/Engine.StaticMeshActor Name:StaticMeshActor_UAID_B025AA330DF5546901_1280906858 Label:Box58 SpatiallyLoaded:1 Bounds:IsValid=true, Min=(X=2890.000 Y=6430.000 Z=0.000), Max=(X=4090.000 Y=7230.000 Z=360.000) RuntimeGrid:None EditorOnly:0 RuntimeOnly:0 HLODRelevant:0
 |   |   |- Guid:908C1A4843E9DB885FB08B9999B1300F BaseClass: NativeClass:/Script/Engine.StaticMeshActor Name:StaticMeshActor_UAID_B025AA330DF5516901_1682763308 Label:Box42 SpatiallyLoaded:1 Bounds:IsValid=true, Min=(X=-3245.000 Y=21940.000 Z=0.000), Max=(X=-495.000 Y=22940.000 Z=360.000) RuntimeGrid:None EditorOnly:0 RuntimeOnly:0 HLODRelevant:0
 |   |   |- Guid:92AB0D0F4000293AD0AF2CA334E1D94C BaseClass: NativeClass:/Script/Engine.StaticMeshActor Name:StaticMeshActor_UAID_B025AA330DF5546901_1100946855 Label:Box55 SpatiallyLoaded:1 Bounds:IsValid=true, Min=(X=4720.000 Y=4654.976 Z=0.000), Max=(X=4820.000 Y=5465.024 Z=360.000) RuntimeGrid:None EditorOnly:0 RuntimeOnly:0 HLODRelevant:0
 |   |   |- Guid:95A33BD743DD889DB79536BE9A506455 BaseClass: NativeClass:/Script/Engine.StaticMeshActor Name:StaticMeshActor_UAID_B025AA330DF5B46801_1615112687 Label:Box16 SpatiallyLoaded:1 Bounds:IsValid=true, Min=(X=1950.000 Y=8480.000 Z=0.000), Max=(X=2050.000 Y=9480.000 Z=360.000) RuntimeGrid:None EditorOnly:0 RuntimeOnly:0 HLODRelevant:0
 |   |   |- Guid:96EBE60F403A5E917C35B190C88CCD5B BaseClass: NativeClass:/Script/Engine.StaticMeshActor Name:StaticMeshActor_UAID_B025AA330DF54F6901_2045155945 Label:Box27 SpatiallyLoaded:1 Bounds:IsValid=true, Min=(X=-1300.000 Y=19509.189 Z=0.000), Max=(X=1100.000 Y=21530.811 Z=360.000) RuntimeGrid:None EditorOnly:0 RuntimeOnly:0 HLODRelevant:0
 |   |   |- Guid:987D1B8042D1CE18FBFB47A696B91A6A BaseClass: NativeClass:/Script/Engine.StaticMeshActor Name:StaticMeshActor_UAID_B025AA330DF5536901_1481317671 Label:Box51 SpatiallyLoaded:1 Bounds:IsValid=true, Min=(X=3530.000 Y=8000.000 Z=0.000), Max=(X=4530.000 Y=8100.000 Z=360.000) RuntimeGrid:None EditorOnly:0 RuntimeOnly:0 HLODRelevant:0
 |   |   |- Guid:98A28F8346BDFD1E6FFA708075C603CE BaseClass: NativeClass:/Script/Engine.StaticMeshActor Name:StaticMeshActor_UAID_B025AA330DF5526901_1569392486 Label:Box44 SpatiallyLoaded:1 Bounds:IsValid=true, Min=(X=-610.000 Y=24850.000 Z=0.000), Max=(X=390.000 Y=24950.000 Z=360.000) RuntimeGrid:None EditorOnly:0 RuntimeOnly:0 HLODRelevant:0
 |   |   |- Guid:9CA78C2144294BBD7E7927A42F82D1AC BaseClass: NativeClass:/Script/Engine.StaticMeshActor Name:StaticMeshActor_UAID_B025AA330DF5536901_2019661676 Label:Box52 SpatiallyLoaded:1 Bounds:IsValid=true, Min=(X=4817.430 Y=8960.000 Z=0.000), Max=(X=5402.570 Y=9060.000 Z=360.000) RuntimeGrid:None EditorOnly:0 RuntimeOnly:0 HLODRelevant:0
 |   |   |- Guid:9FA66A3A4757D9EDB1FC0DAA2D401A2D BaseClass: NativeClass:/Script/Engine.StaticMeshActor Name:StaticMeshActor_UAID_B025AA330DF5B36801_2144793502 Label:Box7 SpatiallyLoaded:1 Bounds:IsValid=true, Min=(X=988.197 Y=3700.000 Z=0.000), Max=(X=1231.803 Y=3800.000 Z=360.000) RuntimeGrid:None EditorOnly:0 RuntimeOnly:0 HLODRelevant:0
 |   |   |- Guid:A354B1B24E617A525DC6B48CCDE2417E BaseClass: NativeClass:/Script/Engine.PlayerStart Name:PlayerStart_0 Label:PlayerStart SpatiallyLoaded:0 Bounds:IsValid=true, Min=(X=1460.000 Y=410.000 Z=0.013), Max=(X=1540.000 Y=490.000 Z=184.013) RuntimeGrid:None EditorOnly:0 RuntimeOnly:0 HLODRelevant:0
 |   |   |- Guid:A42CC1FF4263D214B87EEA84C912EF10 BaseClass: NativeClass:/Script/Engine.StaticMeshActor Name:StaticMeshActor_UAID_B025AA330DF5516901_1283827304 Label:Box38 SpatiallyLoaded:1 Bounds:IsValid=true, Min=(X=2310.000 Y=27100.000 Z=0.000), Max=(X=2910.000 Y=27200.000 Z=360.000) RuntimeGrid:None EditorOnly:0 RuntimeOnly:0 HLODRelevant:0
 |   |   |- Guid:A9C123D44C7E9944893A5A949051B323 BaseClass: NativeClass:/Script/Engine.StaticMeshActor Name:StaticMeshActor_UAID_B025AA330DF5546901_1161521856 Label:Box56 SpatiallyLoaded:1 Bounds:IsValid=true, Min=(X=4465.225 Y=7998.982 Z=0.000), Max=(X=4814.775 Y=8321.018 Z=360.000) RuntimeGrid:None EditorOnly:0 RuntimeOnly:0 HLODRelevant:0
 |   |   |- Guid:AE6E439540AFE6B56C71DD91ABFC0D63 BaseClass: NativeClass:/Script/Engine.StaticMeshActor Name:StaticMeshActor_UAID_B025AA330DF5506901_1390596119 Label:Box29 SpatiallyLoaded:1 Bounds:IsValid=true, Min=(X=1770.000 Y=19180.000 Z=0.000), Max=(X=1870.000 Y=22180.000 Z=360.000) RuntimeGrid:None EditorOnly:0 RuntimeOnly:0 HLODRelevant:0
 |   |   |- Guid:AFD35D114D6277F5DC0045B3E28BB2A3 BaseClass: NativeClass:/Script/Engine.StaticMeshActor Name:StaticMeshActor_UAID_B025AA330DF5B46801_1474742686 Label:Box15 SpatiallyLoaded:1 Bounds:IsValid=true, Min=(X=1030.000 Y=8845.462 Z=0.000), Max=(X=1130.000 Y=9454.538 Z=360.000) RuntimeGrid:None EditorOnly:0 RuntimeOnly:0 HLODRelevant:0
 |   |   |- Guid:B33BA3A74315FD29C555A983D9E30E8D BaseClass: NativeClass:/Script/Engine.StaticMeshActor Name:StaticMeshActor_UAID_B025AA330DF5526901_1660165487 Label:Box45 SpatiallyLoaded:1 Bounds:IsValid=true, Min=(X=-600.000 Y=25730.000 Z=0.000), Max=(X=1000.000 Y=25830.000 Z=360.000) RuntimeGrid:None EditorOnly:0 RuntimeOnly:0 HLODRelevant:0
 |   |   |- Guid:B4D454F5423988F9C12CFC925EB906FC BaseClass: NativeClass:/Script/Engine.StaticMeshActor Name:StaticMeshActor_UAID_B025AA330DF5B36801_1391669489 Label:SM_Cube4 SpatiallyLoaded:1 Bounds:IsValid=true, Min=(X=0.000 Y=10500.000 Z=-50.000), Max=(X=3000.000 Y=14000.000 Z=0.000) RuntimeGrid:None EditorOnly:0 RuntimeOnly:0 HLODRelevant:1 FolderPath:Playground FolderGuid:6C02BB504B69D1F3D7A624B130C18E5B
 |   |   |- Guid:BB451CD1491FD0CCB7516186884BCD88 BaseClass: NativeClass:/Script/Engine.StaticMeshActor Name:StaticMeshActor_UAID_B025AA330DF54F6901_2099761946 Label:Box28 SpatiallyLoaded:1 Bounds:IsValid=true, Min=(X=1770.000 Y=16180.000 Z=0.000), Max=(X=1870.000 Y=19180.000 Z=360.000) RuntimeGrid:None EditorOnly:0 RuntimeOnly:0 HLODRelevant:0
 |   |   |- Guid:C05E0951412E5238D691FC99DD0F2810 BaseClass: NativeClass:/Script/Engine.StaticMeshActor Name:StaticMeshActor_UAID_B025AA330DF5B46801_1119670679 Label:Box8 SpatiallyLoaded:1 Bounds:IsValid=true, Min=(X=895.000 Y=4900.000 Z=0.000), Max=(X=1685.000 Y=5000.000 Z=360.000) RuntimeGrid:None EditorOnly:0 RuntimeOnly:0 HLODRelevant:0
 |   |   |- Guid:C0C56B9644AE3D40CAFF6A878DB29844 BaseClass: NativeClass:/Script/Engine.StaticMeshActor Name:StaticMeshActor_UAID_A4AE111137DC5EFB00_2001720423 Label:SM_SkySphere SpatiallyLoaded:0 Bounds:IsValid=true, Min=(X=-1638400.000 Y=-1638400.000 Z=-1638400.000), Max=(X=1638400.000 Y=1638400.000 Z=1638400.000) RuntimeGrid:None EditorOnly:0 RuntimeOnly:0 HLODRelevant:1 FolderPath:Lighting FolderGuid:0BA5F0A04EADB18E70D5B180D08FA34B
 |   |   |- Guid:C1066A174E2ECB667BE40DB970F50F89 BaseClass: NativeClass:/Script/Engine.StaticMeshActor Name:StaticMeshActor_UAID_B025AA330DF5516901_1299791305 Label:Box39 SpatiallyLoaded:1 Bounds:IsValid=true, Min=(X=1612.446 Y=27099.641 Z=0.000), Max=(X=1887.554 Y=30100.359 Z=360.000) RuntimeGrid:None EditorOnly:0 RuntimeOnly:0 HLODRelevant:0
 |   |   |- Guid:C22CE07C4B87D685137FDBBC10FC92C6 BaseClass: NativeClass:/Script/Engine.SkyAtmosphere Name:SkyAtmosphere_0 Label:SkyAtmosphere SpatiallyLoaded:0 Bounds:IsValid=true, Min=(X=0.000 Y=0.000 Z=1020.000), Max=(X=0.000 Y=0.000 Z=1020.000) RuntimeGrid:None EditorOnly:0 RuntimeOnly:0 HLODRelevant:0 FolderPath:Lighting FolderGuid:0BA5F0A04EADB18E70D5B180D08FA34B
 |   |   |- Guid:C63D1D9C478EAE4E49F8CB9E026B53A0 BaseClass: NativeClass:/Script/Engine.StaticMeshActor Name:StaticMeshActor_UAID_B025AA330DF5516901_1149100302 Label:Box36 SpatiallyLoaded:1 Bounds:IsValid=true, Min=(X=2810.000 Y=26605.000 Z=0.000), Max=(X=2910.000 Y=26855.000 Z=360.000) RuntimeGrid:None EditorOnly:0 RuntimeOnly:0 HLODRelevant:0
 |   |   |- Guid:CE8D82634660FCDB3120E2B8D547C533 BaseClass: NativeClass:/Script/Engine.PostProcessVolume Name:PostProcessVolume_0 Label:PostProcessVolume SpatiallyLoaded:0 Bounds:IsValid=true, Min=(X=0.000 Y=0.000 Z=400.000), Max=(X=200.000 Y=200.000 Z=600.000) RuntimeGrid:None EditorOnly:0 RuntimeOnly:0 HLODRelevant:0 FolderPath:Lighting FolderGuid:0BA5F0A04EADB18E70D5B180D08FA34B
 |   |   |- Guid:D63A3EE74A8B93AEEFA7B29E33E3CA68 BaseClass: NativeClass:/Script/Engine.StaticMeshActor Name:StaticMeshActor_UAID_B025AA330DF54C6901_1989902415 Label:Box19 SpatiallyLoaded:1 Bounds:IsValid=true, Min=(X=1950.000 Y=10480.000 Z=0.000), Max=(X=2050.000 Y=11480.000 Z=360.000) RuntimeGrid:None EditorOnly:0 RuntimeOnly:0 HLODRelevant:0
 |   |   |- Guid:D765A35B4A8B789F9D6078A21E7E3C1C BaseClass: NativeClass:/Script/Engine.StaticMeshActor Name:StaticMeshActor_UAID_B025AA330DF5526901_1192951485 Label:Box43 SpatiallyLoaded:1 Bounds:IsValid=true, Min=(X=299.230 Y=23586.516 Z=0.000), Max=(X=1100.770 Y=24953.484 Z=360.000) RuntimeGrid:None EditorOnly:0 RuntimeOnly:0 HLODRelevant:0
 |   |   |- Guid:DADA672C48F034AB9F2F828DB4186F5E BaseClass: NativeClass:/Script/Engine.StaticMeshActor Name:StaticMeshActor_UAID_B025AA330DF5546901_1093979854 Label:Box54 SpatiallyLoaded:1 Bounds:IsValid=true, Min=(X=4720.000 Y=8254.976 Z=0.000), Max=(X=4820.000 Y=9065.024 Z=360.000) RuntimeGrid:None EditorOnly:0 RuntimeOnly:0 HLODRelevant:0
 |   |   |- Guid:DBD725B44EEB9FAA846DAA84C60E9C92 BaseClass: NativeClass:/Script/Engine.StaticMeshActor Name:StaticMeshActor_UAID_B025AA330DF5526901_1731124488 Label:Box32 SpatiallyLoaded:1 Bounds:IsValid=true, Min=(X=900.000 Y=25825.000 Z=0.000), Max=(X=1000.000 Y=26075.000 Z=360.000) RuntimeGrid:None EditorOnly:0 RuntimeOnly:0 HLODRelevant:0
 |   |   |- Guid:E0883CC24724BDF16F1DA9B4401F0757 BaseClass: NativeClass:/Script/Engine.StaticMeshActor Name:StaticMeshActor_UAID_B025AA330DF5B36801_2078875500 Label:Box5 SpatiallyLoaded:1 Bounds:IsValid=true, Min=(X=2320.000 Y=3710.000 Z=0.000), Max=(X=2420.000 Y=4910.000 Z=360.000) RuntimeGrid:None EditorOnly:0 RuntimeOnly:0 HLODRelevant:0
 |   |   |- Guid:E5320C1B4FD9764CE7B54D8487AEC613 BaseClass: NativeClass:/Script/Engine.SkyLight Name:SkyLight_0 Label:SkyLight SpatiallyLoaded:0 Bounds:IsValid=true, Min=(X=0.000 Y=0.000 Z=690.000), Max=(X=0.000 Y=0.000 Z=690.000) RuntimeGrid:None EditorOnly:0 RuntimeOnly:0 HLODRelevant:0 FolderPath:Lighting FolderGuid:0BA5F0A04EADB18E70D5B180D08FA34B
 |   |   |- Guid:EA60438B4C7AABC3740E85832781034F BaseClass: NativeClass:/Script/Engine.StaticMeshActor Name:StaticMeshActor_UAID_B025AA330DF5B36801_1402710491 Label:SM_Cube6 SpatiallyLoaded:1 Bounds:IsValid=true, Min=(X=0.000 Y=17500.000 Z=-50.000), Max=(X=3000.000 Y=21000.000 Z=0.000) RuntimeGrid:None EditorOnly:0 RuntimeOnly:0 HLODRelevant:1 FolderPath:Playground FolderGuid:6C02BB504B69D1F3D7A624B130C18E5B
 |   |   |- Guid:EC88D3654B8DD8F60DF43C83C6C37CFA BaseClass: NativeClass:/Script/Engine.StaticMeshActor Name:StaticMeshActor_UAID_B025AA330DF5526901_1789379489 Label:Box46 SpatiallyLoaded:1 Bounds:IsValid=true, Min=(X=655.000 Y=26075.000 Z=0.000), Max=(X=1705.000 Y=27125.000 Z=360.000) RuntimeGrid:None EditorOnly:0 RuntimeOnly:0 HLODRelevant:0
 |   |   |- Guid:ED23DF1048F99D7B38F6EE8A17ACF853 BaseClass: NativeClass:/Script/Engine.StaticMeshActor Name:StaticMeshActor_UAID_B025AA330DF5516901_1126660301 Label:Box35 SpatiallyLoaded:1 Bounds:IsValid=true, Min=(X=2710.000 Y=26365.000 Z=0.000), Max=(X=2810.000 Y=26615.000 Z=360.000) RuntimeGrid:None EditorOnly:0 RuntimeOnly:0 HLODRelevant:0
 |   |   |- Guid:F2D1E4C94D6625A6173D4C8D35BF9F66 BaseClass: NativeClass:/Script/Engine.StaticMeshActor Name:StaticMeshActor_UAID_B025AA330DF5B36801_2009446499 Label:Box4 SpatiallyLoaded:1 Bounds:IsValid=true, Min=(X=2011.522 Y=2960.221 Z=0.000), Max=(X=2408.478 Y=3719.779 Z=360.000) RuntimeGrid:None EditorOnly:0 RuntimeOnly:0 HLODRelevant:0
 |   |   |- Guid:F80621C9446867154938FE81375207DA BaseClass: NativeClass:/Script/Engine.DirectionalLight Name:DirectionalLight_1 Label:DirectionalLight SpatiallyLoaded:0 Bounds:IsValid=true, Min=(X=-1048576.000 Y=-1048576.000 Z=-1048576.000), Max=(X=1048576.000 Y=1048576.000 Z=1048576.000) RuntimeGrid:None EditorOnly:0 RuntimeOnly:0 HLODRelevant:0 FolderPath:Lighting FolderGuid:0BA5F0A04EADB18E70D5B180D08FA34B
 |   |- [+] Clusters:
 |   |   |- [+] [  0]
 |   |   |   |- Guid:61391D344900612A77DFC3BA3E354907 BaseClass: NativeClass:/Script/Engine.ExponentialHeightFog Name:ExponentialHeightFog_0 Label:ExponentialHeightFog SpatiallyLoaded:0 Bounds:IsValid=true, Min=(X=-5600.000 Y=-50.000 Z=-6850.000), Max=(X=-5600.000 Y=-50.000 Z=-6850.000) RuntimeGrid:None EditorOnly:0 RuntimeOnly:0 HLODRelevant:0 FolderPath:Lighting FolderGuid:0BA5F0A04EADB18E70D5B180D08FA34B
 |   |   |- [+] [  1]
 |   |   |   |- Guid:5FE7584649BB6F09265329A6C57CFD0D BaseClass: NativeClass:/Script/Engine.VolumetricCloud Name:VolumetricCloud_0 Label:VolumetricCloud SpatiallyLoaded:0 Bounds:IsValid=true, Min=(X=0.000 Y=0.000 Z=820.000), Max=(X=0.000 Y=0.000 Z=820.000) RuntimeGrid:None EditorOnly:0 RuntimeOnly:0 HLODRelevant:0 FolderPath:Lighting FolderGuid:0BA5F0A04EADB18E70D5B180D08FA34B
 |   |   |- [+] [  2]
 |   |   |   |- Guid:7F63396841AC9AF97E3C8FA2FAD23956 BaseClass: NativeClass:/Script/Engine.StaticMeshActor Name:StaticMeshActor_UAID_B025AA330DF5B36801_2114969501 Label:Box6 SpatiallyLoaded:1 Bounds:IsValid=true, Min=(X=900.000 Y=3700.000 Z=0.000), Max=(X=1000.000 Y=4900.000 Z=360.000) RuntimeGrid:None EditorOnly:0 RuntimeOnly:0 HLODRelevant:0
 |   |   |- [+] [  3]
 |   |   |   |- Guid:18FAFF8F4E9B46BC33FE37B641863187 BaseClass: NativeClass:/Script/Engine.StaticMeshActor Name:StaticMeshActor_UAID_B025AA330DF5B46801_1207609681 Label:Box10 SpatiallyLoaded:1 Bounds:IsValid=true, Min=(X=1590.000 Y=5000.000 Z=0.000), Max=(X=1690.000 Y=8000.000 Z=360.000) RuntimeGrid:None EditorOnly:0 RuntimeOnly:0 HLODRelevant:0
 |   |   |- [+] [  4]
 |   |   |   |- Guid:F80621C9446867154938FE81375207DA BaseClass: NativeClass:/Script/Engine.DirectionalLight Name:DirectionalLight_1 Label:DirectionalLight SpatiallyLoaded:0 Bounds:IsValid=true, Min=(X=-1048576.000 Y=-1048576.000 Z=-1048576.000), Max=(X=1048576.000 Y=1048576.000 Z=1048576.000) RuntimeGrid:None EditorOnly:0 RuntimeOnly:0 HLODRelevant:0 FolderPath:Lighting FolderGuid:0BA5F0A04EADB18E70D5B180D08FA34B
 |   |   |- [+] [  5]
 |   |   |   |- Guid:D63A3EE74A8B93AEEFA7B29E33E3CA68 BaseClass: NativeClass:/Script/Engine.StaticMeshActor Name:StaticMeshActor_UAID_B025AA330DF54C6901_1989902415 Label:Box19 SpatiallyLoaded:1 Bounds:IsValid=true, Min=(X=1950.000 Y=10480.000 Z=0.000), Max=(X=2050.000 Y=11480.000 Z=360.000) RuntimeGrid:None EditorOnly:0 RuntimeOnly:0 HLODRelevant:0
 |   |   |- [+] [  6]
 |   |   |   |- Guid:4F6B00964339E63D0252CB94C2A73FAD BaseClass: NativeClass:/Script/Engine.StaticMeshActor Name:StaticMeshActor_UAID_B025AA330DF5B36801_1285932488 Label:SM_Cube3 SpatiallyLoaded:1 Bounds:IsValid=true, Min=(X=0.000 Y=7000.000 Z=-50.000), Max=(X=3000.000 Y=10500.000 Z=0.000) RuntimeGrid:None EditorOnly:0 RuntimeOnly:0 HLODRelevant:1 FolderPath:Playground FolderGuid:6C02BB504B69D1F3D7A624B130C18E5B
 |   |   |- [+] [  7]
 |   |   |   |- Guid:30E6147D42A15CDFD40DC083FAA421DD BaseClass: NativeClass:/Script/Engine.StaticMeshActor Name:StaticMeshActor_UAID_B025AA330DF54D6901_1257418595 Label:Box22 SpatiallyLoaded:1 Bounds:IsValid=true, Min=(X=217.337 Y=11973.039 Z=0.000), Max=(X=422.663 Y=12926.961 Z=360.000) RuntimeGrid:None EditorOnly:0 RuntimeOnly:0 HLODRelevant:0
 |   |   |- [+] [  8]
 |   |   |   |- Guid:425B96A24DEA372CD4D3B88D00720C85 BaseClass: NativeClass:/Script/Engine.StaticMeshActor Name:StaticMeshActor_UAID_B025AA330DF5536901_1457919668 Label:Box48 SpatiallyLoaded:1 Bounds:IsValid=true, Min=(X=2530.000 Y=5520.000 Z=0.000), Max=(X=3530.000 Y=5620.000 Z=360.000) RuntimeGrid:None EditorOnly:0 RuntimeOnly:0 HLODRelevant:0
 |   |   |- [+] [  9]
 |   |   |   |- Guid:81060E8B461D38078A719E91A4E3F0AE BaseClass: NativeClass:/Script/Engine.StaticMeshActor Name:StaticMeshActor_UAID_B025AA330DF5B36801_1754553496 Label:Box SpatiallyLoaded:1 Bounds:IsValid=true, Min=(X=2007.473 Y=-0.815 Z=0.000), Max=(X=2192.527 Y=3000.815 Z=360.000) RuntimeGrid:None EditorOnly:0 RuntimeOnly:0 HLODRelevant:0
 |   |   |- [+] [ 10]
 |   |   |   |- Guid:E5320C1B4FD9764CE7B54D8487AEC613 BaseClass: NativeClass:/Script/Engine.SkyLight Name:SkyLight_0 Label:SkyLight SpatiallyLoaded:0 Bounds:IsValid=true, Min=(X=0.000 Y=0.000 Z=690.000), Max=(X=0.000 Y=0.000 Z=690.000) RuntimeGrid:None EditorOnly:0 RuntimeOnly:0 HLODRelevant:0 FolderPath:Lighting FolderGuid:0BA5F0A04EADB18E70D5B180D08FA34B
 |   |   |- [+] [ 11]
 |   |   |   |- Guid:95A33BD743DD889DB79536BE9A506455 BaseClass: NativeClass:/Script/Engine.StaticMeshActor Name:StaticMeshActor_UAID_B025AA330DF5B46801_1615112687 Label:Box16 SpatiallyLoaded:1 Bounds:IsValid=true, Min=(X=1950.000 Y=8480.000 Z=0.000), Max=(X=2050.000 Y=9480.000 Z=360.000) RuntimeGrid:None EditorOnly:0 RuntimeOnly:0 HLODRelevant:0
 |   |   |- [+] [ 12]
 |   |   |   |- Guid:0B6CAEE64404B05F503245B3870D366E BaseClass: NativeClass:/Script/Engine.StaticMeshActor Name:StaticMeshActor_UAID_B025AA330DF5B46801_1381185683 Label:Box12 SpatiallyLoaded:1 Bounds:IsValid=true, Min=(X=1490.000 Y=7883.057 Z=0.000), Max=(X=1590.000 Y=8196.943 Z=360.000) RuntimeGrid:None EditorOnly:0 RuntimeOnly:0 HLODRelevant:0
 |   |   |- [+] [ 13]
 |   |   |   |- Guid:0B4192594E49AB40EC280E90A1E2A1DA BaseClass: NativeClass:/Script/Engine.StaticMeshActor Name:StaticMeshActor_UAID_B025AA330DF5B46801_1145545680 Label:Box9 SpatiallyLoaded:1 Bounds:IsValid=true, Min=(X=2096.364 Y=4900.000 Z=0.000), Max=(X=2423.636 Y=5000.000 Z=360.000) RuntimeGrid:None EditorOnly:0 RuntimeOnly:0 HLODRelevant:0
 |   |   |- [+] [ 14]
 |   |   |   |- Guid:31E1EAF34508066CB2FEC19B083D5362 BaseClass: NativeClass:/Script/Engine.StaticMeshActor Name:StaticMeshActor_UAID_B025AA330DF5B36801_1417989494 Label:SM_Cube9 SpatiallyLoaded:1 Bounds:IsValid=true, Min=(X=0.000 Y=28000.000 Z=-50.000), Max=(X=3000.000 Y=31500.000 Z=0.000) RuntimeGrid:None EditorOnly:0 RuntimeOnly:0 HLODRelevant:1 FolderPath:Playground FolderGuid:6C02BB504B69D1F3D7A624B130C18E5B
 |   |   |- [+] [ 15]
 |   |   |   |- Guid:9FA66A3A4757D9EDB1FC0DAA2D401A2D BaseClass: NativeClass:/Script/Engine.StaticMeshActor Name:StaticMeshActor_UAID_B025AA330DF5B36801_2144793502 Label:Box7 SpatiallyLoaded:1 Bounds:IsValid=true, Min=(X=988.197 Y=3700.000 Z=0.000), Max=(X=1231.803 Y=3800.000 Z=360.000) RuntimeGrid:None EditorOnly:0 RuntimeOnly:0 HLODRelevant:0
 |   |   |- [+] [ 16]
 |   |   |   |- Guid:2E508AF94B0ACAA23B8C768739DE168C BaseClass: NativeClass:/Script/Engine.StaticMeshActor Name:StaticMeshActor_UAID_B025AA330DF54D6901_1217735594 Label:Box21 SpatiallyLoaded:1 Bounds:IsValid=true, Min=(X=243.715 Y=11395.267 Z=0.000), Max=(X=1136.285 Y=12024.733 Z=360.000) RuntimeGrid:None EditorOnly:0 RuntimeOnly:0 HLODRelevant:0
 |   |   |- [+] [ 17]
 |   |   |   |- Guid:78CAF7514C7533F30BD2F19A017AAB65 BaseClass: NativeClass:/Script/Engine.StaticMeshActor Name:StaticMeshActor_0 Label:SM_Cube SpatiallyLoaded:1 Bounds:IsValid=true, Min=(X=0.000 Y=0.000 Z=-50.000), Max=(X=3000.000 Y=3500.000 Z=0.000) RuntimeGrid:None EditorOnly:0 RuntimeOnly:0 HLODRelevant:1 FolderPath:Playground FolderGuid:6C02BB504B69D1F3D7A624B130C18E5B
 |   |   |- [+] [ 18]
 |   |   |   |- Guid:B4D454F5423988F9C12CFC925EB906FC BaseClass: NativeClass:/Script/Engine.StaticMeshActor Name:StaticMeshActor_UAID_B025AA330DF5B36801_1391669489 Label:SM_Cube4 SpatiallyLoaded:1 Bounds:IsValid=true, Min=(X=0.000 Y=10500.000 Z=-50.000), Max=(X=3000.000 Y=14000.000 Z=0.000) RuntimeGrid:None EditorOnly:0 RuntimeOnly:0 HLODRelevant:1 FolderPath:Playground FolderGuid:6C02BB504B69D1F3D7A624B130C18E5B
 |   |   |- [+] [ 19]
 |   |   |   |- Guid:A354B1B24E617A525DC6B48CCDE2417E BaseClass: NativeClass:/Script/Engine.PlayerStart Name:PlayerStart_0 Label:PlayerStart SpatiallyLoaded:0 Bounds:IsValid=true, Min=(X=1460.000 Y=410.000 Z=0.013), Max=(X=1540.000 Y=490.000 Z=184.013) RuntimeGrid:None EditorOnly:0 RuntimeOnly:0 HLODRelevant:0
 |   |   |- [+] [ 20]
 |   |   |   |- Guid:21146E8342ABDC2857F1C2ACED8B42ED BaseClass: NativeClass:/Script/Engine.StaticMeshActor Name:StaticMeshActor_UAID_B025AA330DF54D6901_1301237596 Label:Box23 SpatiallyLoaded:1 Bounds:IsValid=true, Min=(X=343.933 Y=12902.198 Z=0.000), Max=(X=1116.067 Y=13757.802 Z=360.000) RuntimeGrid:None EditorOnly:0 RuntimeOnly:0 HLODRelevant:0
 |   |   |- [+] [ 21]
 |   |   |   |- Guid:F2D1E4C94D6625A6173D4C8D35BF9F66 BaseClass: NativeClass:/Script/Engine.StaticMeshActor Name:StaticMeshActor_UAID_B025AA330DF5B36801_2009446499 Label:Box4 SpatiallyLoaded:1 Bounds:IsValid=true, Min=(X=2011.522 Y=2960.221 Z=0.000), Max=(X=2408.478 Y=3719.779 Z=360.000) RuntimeGrid:None EditorOnly:0 RuntimeOnly:0 HLODRelevant:0
 |   |   |- [+] [ 22]
 |   |   |   |- Guid:0BF261DF4B0AE5339D745DA0E7922B80 BaseClass: NativeClass:/Script/Engine.StaticMeshActor Name:StaticMeshActor_UAID_B025AA330DF54D6901_1602702597 Label:Box24 SpatiallyLoaded:1 Bounds:IsValid=true, Min=(X=1000.000 Y=13690.000 Z=0.000), Max=(X=1100.000 Y=16690.000 Z=360.000) RuntimeGrid:None EditorOnly:0 RuntimeOnly:0 HLODRelevant:0
 |   |   |- [+] [ 23]
 |   |   |   |- Guid:144E0FD3466BE606673023A7263752D5 BaseClass: NativeClass:/Script/Engine.StaticMeshActor Name:StaticMeshActor_UAID_B025AA330DF5B36801_1425008495 Label:SM_Cube10 SpatiallyLoaded:1 Bounds:IsValid=true, Min=(X=0.000 Y=31500.000 Z=-50.000), Max=(X=3000.000 Y=35000.000 Z=0.000) RuntimeGrid:None EditorOnly:0 RuntimeOnly:0 HLODRelevant:1 FolderPath:Playground FolderGuid:6C02BB504B69D1F3D7A624B130C18E5B
 |   |   |- [+] [ 24]
 |   |   |   |- Guid:7C260C1F4CC2C3584BAA248C3743D1B4 BaseClass: NativeClass:/Script/Engine.StaticMeshActor Name:StaticMeshActor_UAID_B025AA330DF5B46801_1387710684 Label:Box13 SpatiallyLoaded:1 Bounds:IsValid=true, Min=(X=1390.000 Y=8173.057 Z=0.000), Max=(X=1490.000 Y=8486.943 Z=360.000) RuntimeGrid:None EditorOnly:0 RuntimeOnly:0 HLODRelevant:0
 |   |   |- [+] [ 25]
 |   |   |   |- Guid:1874446D46C981AB1CA35186AABF99C1 BaseClass: NativeClass:/Script/Engine.StaticMeshActor Name:StaticMeshActor_UAID_B025AA330DF5B36801_1958683498 Label:Box3 SpatiallyLoaded:1 Bounds:IsValid=true, Min=(X=1230.000 Y=3212.500 Z=0.000), Max=(X=1330.000 Y=3787.500 Z=360.000) RuntimeGrid:None EditorOnly:0 RuntimeOnly:0 HLODRelevant:0
 |   |   |- [+] [ 26]
 |   |   |   |- Guid:AFD35D114D6277F5DC0045B3E28BB2A3 BaseClass: NativeClass:/Script/Engine.StaticMeshActor Name:StaticMeshActor_UAID_B025AA330DF5B46801_1474742686 Label:Box15 SpatiallyLoaded:1 Bounds:IsValid=true, Min=(X=1030.000 Y=8845.462 Z=0.000), Max=(X=1130.000 Y=9454.538 Z=360.000) RuntimeGrid:None EditorOnly:0 RuntimeOnly:0 HLODRelevant:0
 |   |   |- [+] [ 27]
 |   |   |   |- Guid:E0883CC24724BDF16F1DA9B4401F0757 BaseClass: NativeClass:/Script/Engine.StaticMeshActor Name:StaticMeshActor_UAID_B025AA330DF5B36801_2078875500 Label:Box5 SpatiallyLoaded:1 Bounds:IsValid=true, Min=(X=2320.000 Y=3710.000 Z=0.000), Max=(X=2420.000 Y=4910.000 Z=360.000) RuntimeGrid:None EditorOnly:0 RuntimeOnly:0 HLODRelevant:0
 |   |   |- [+] [ 28]
 |   |   |   |- Guid:748D5A194F33560777744CB871DD9C5B BaseClass: NativeClass:/Script/Engine.StaticMeshActor Name:StaticMeshActor_UAID_B025AA330DF5B36801_1412692493 Label:SM_Cube8 SpatiallyLoaded:1 Bounds:IsValid=true, Min=(X=0.000 Y=24500.000 Z=-50.000), Max=(X=3000.000 Y=28000.000 Z=0.000) RuntimeGrid:None EditorOnly:0 RuntimeOnly:0 HLODRelevant:1 FolderPath:Playground FolderGuid:6C02BB504B69D1F3D7A624B130C18E5B
 |   |   |- [+] [ 29]
 |   |   |   |- Guid:BB451CD1491FD0CCB7516186884BCD88 BaseClass: NativeClass:/Script/Engine.StaticMeshActor Name:StaticMeshActor_UAID_B025AA330DF54F6901_2099761946 Label:Box28 SpatiallyLoaded:1 Bounds:IsValid=true, Min=(X=1770.000 Y=16180.000 Z=0.000), Max=(X=1870.000 Y=19180.000 Z=360.000) RuntimeGrid:None EditorOnly:0 RuntimeOnly:0 HLODRelevant:0
 |   |   |- [+] [ 30]
 |   |   |   |- Guid:C22CE07C4B87D685137FDBBC10FC92C6 BaseClass: NativeClass:/Script/Engine.SkyAtmosphere Name:SkyAtmosphere_0 Label:SkyAtmosphere SpatiallyLoaded:0 Bounds:IsValid=true, Min=(X=0.000 Y=0.000 Z=1020.000), Max=(X=0.000 Y=0.000 Z=1020.000) RuntimeGrid:None EditorOnly:0 RuntimeOnly:0 HLODRelevant:0 FolderPath:Lighting FolderGuid:0BA5F0A04EADB18E70D5B180D08FA34B
 |   |   |- [+] [ 31]
 |   |   |   |- Guid:C0C56B9644AE3D40CAFF6A878DB29844 BaseClass: NativeClass:/Script/Engine.StaticMeshActor Name:StaticMeshActor_UAID_A4AE111137DC5EFB00_2001720423 Label:SM_SkySphere SpatiallyLoaded:0 Bounds:IsValid=true, Min=(X=-1638400.000 Y=-1638400.000 Z=-1638400.000), Max=(X=1638400.000 Y=1638400.000 Z=1638400.000) RuntimeGrid:None EditorOnly:0 RuntimeOnly:0 HLODRelevant:1 FolderPath:Lighting FolderGuid:0BA5F0A04EADB18E70D5B180D08FA34B
 |   |   |- [+] [ 32]
 |   |   |   |- Guid:6FEFB3BD4EB37B849EF0D4AC80F83855 BaseClass: NativeClass:/Script/Engine.WorldDataLayers Name:WorldDataLayers Label:WorldDataLayers SpatiallyLoaded:0 Bounds:IsValid=true, Min=(X=0.000 Y=0.000 Z=0.000), Max=(X=0.000 Y=0.000 Z=0.000) RuntimeGrid:None EditorOnly:0 RuntimeOnly:0 HLODRelevant:0
 |   |   |- [+] [ 33]
 |   |   |   |- Guid:72D6C55F48BA13796DC74C8ECF8F73AB BaseClass: NativeClass:/Script/Engine.StaticMeshActor Name:StaticMeshActor_UAID_B025AA330DF54D6901_1091680593 Label:Box20 SpatiallyLoaded:1 Bounds:IsValid=true, Min=(X=1030.000 Y=9455.000 Z=0.000), Max=(X=1130.000 Y=11485.000 Z=360.000) RuntimeGrid:None EditorOnly:0 RuntimeOnly:0 HLODRelevant:0
 |   |   |- [+] [ 34]
 |   |   |   |- Guid:427C7E114EDCEE43ADCEFD9AC957BAC0 BaseClass: NativeClass:/Script/Engine.StaticMeshActor Name:StaticMeshActor_UAID_B025AA330DF54F6901_1702011944 Label:Box26 SpatiallyLoaded:1 Bounds:IsValid=true, Min=(X=-1900.000 Y=17110.000 Z=0.000), Max=(X=-400.000 Y=19510.000 Z=360.000) RuntimeGrid:None EditorOnly:0 RuntimeOnly:0 HLODRelevant:0
 |   |   |- [+] [ 35]
 |   |   |   |- Guid:C05E0951412E5238D691FC99DD0F2810 BaseClass: NativeClass:/Script/Engine.StaticMeshActor Name:StaticMeshActor_UAID_B025AA330DF5B46801_1119670679 Label:Box8 SpatiallyLoaded:1 Bounds:IsValid=true, Min=(X=895.000 Y=4900.000 Z=0.000), Max=(X=1685.000 Y=5000.000 Z=360.000) RuntimeGrid:None EditorOnly:0 RuntimeOnly:0 HLODRelevant:0
 |   |   |- [+] [ 36]
 |   |   |   |- Guid:8451A6DA4A38339064971EA7D11F6C16 BaseClass: NativeClass:/Script/Engine.StaticMeshActor Name:StaticMeshActor_UAID_B025AA330DF5B36801_1397644490 Label:SM_Cube5 SpatiallyLoaded:1 Bounds:IsValid=true, Min=(X=0.000 Y=14000.000 Z=-50.000), Max=(X=3000.000 Y=17500.000 Z=0.000) RuntimeGrid:None EditorOnly:0 RuntimeOnly:0 HLODRelevant:1 FolderPath:Playground FolderGuid:6C02BB504B69D1F3D7A624B130C18E5B
 |   |   |- [+] [ 37]
 |   |   |   |- Guid:4A88B6C740FD60F6CBDAA29F908519C2 BaseClass: NativeClass:/Script/Engine.StaticMeshActor Name:StaticMeshActor_UAID_B025AA330DF54F6901_1634472943 Label:Box25 SpatiallyLoaded:1 Bounds:IsValid=true, Min=(X=-400.000 Y=17110.000 Z=0.000), Max=(X=1100.000 Y=17910.000 Z=360.000) RuntimeGrid:None EditorOnly:0 RuntimeOnly:0 HLODRelevant:0
 |   |   |- [+] [ 38]
 |   |   |   |- Guid:267D28BD41B4498C98FC1187F15AB1B4 BaseClass: NativeClass:/Script/Engine.StaticMeshActor Name:StaticMeshActor_UAID_B025AA330DF5B46801_1678864689 Label:Box18 SpatiallyLoaded:1 Bounds:IsValid=true, Min=(X=1950.000 Y=9480.000 Z=0.000), Max=(X=2050.000 Y=10480.000 Z=360.000) RuntimeGrid:None EditorOnly:0 RuntimeOnly:0 HLODRelevant:0
 |   |   |- [+] [ 39]
 |   |   |   |- Guid:36173BF041743B3FD76EDA8AD82A3385 BaseClass: NativeClass:/Script/Engine.StaticMeshActor Name:StaticMeshActor_UAID_B025AA330DF5B36801_1407538492 Label:SM_Cube7 SpatiallyLoaded:1 Bounds:IsValid=true, Min=(X=0.000 Y=21000.000 Z=-50.000), Max=(X=3000.000 Y=24500.000 Z=0.000) RuntimeGrid:None EditorOnly:0 RuntimeOnly:0 HLODRelevant:1 FolderPath:Playground FolderGuid:6C02BB504B69D1F3D7A624B130C18E5B
 |   |   |- [+] [ 40]
 |   |   |   |- Guid:EA60438B4C7AABC3740E85832781034F BaseClass: NativeClass:/Script/Engine.StaticMeshActor Name:StaticMeshActor_UAID_B025AA330DF5B36801_1402710491 Label:SM_Cube6 SpatiallyLoaded:1 Bounds:IsValid=true, Min=(X=0.000 Y=17500.000 Z=-50.000), Max=(X=3000.000 Y=21000.000 Z=0.000) RuntimeGrid:None EditorOnly:0 RuntimeOnly:0 HLODRelevant:1 FolderPath:Playground FolderGuid:6C02BB504B69D1F3D7A624B130C18E5B
 |   |   |- [+] [ 41]
 |   |   |   |- Guid:4A51BB9A4F1CB9017054CB957FD35735 BaseClass: NativeClass:/Script/Engine.StaticMeshActor Name:StaticMeshActor_UAID_B025AA330DF5B36801_1790688497 Label:Box2 SpatiallyLoaded:1 Bounds:IsValid=true, Min=(X=669.802 Y=-25.969 Z=0.000), Max=(X=1330.198 Y=3225.969 Z=360.000) RuntimeGrid:None EditorOnly:0 RuntimeOnly:0 HLODRelevant:0
 |   |   |- [+] [ 42]
 |   |   |   |- Guid:051A3F644BDF0D2EA5467587F275BE0F BaseClass: NativeClass:/Script/Engine.StaticMeshActor Name:StaticMeshActor_UAID_B025AA330DF5B36801_1262974487 Label:SM_Cube2 SpatiallyLoaded:1 Bounds:IsValid=true, Min=(X=0.000 Y=3500.000 Z=-50.000), Max=(X=3000.000 Y=7000.000 Z=0.000) RuntimeGrid:None EditorOnly:0 RuntimeOnly:0 HLODRelevant:1 FolderPath:Playground FolderGuid:6C02BB504B69D1F3D7A624B130C18E5B
 |   |   |- [+] [ 43]
 |   |   |   |- Guid:3E2792A947C05BACA44F20A4247F01B0 BaseClass: NativeClass:/Script/Engine.StaticMeshActor Name:StaticMeshActor_UAID_B025AA330DF5B46801_1435705685 Label:Box14 SpatiallyLoaded:1 Bounds:IsValid=true, Min=(X=1052.103 Y=8422.720 Z=0.000), Max=(X=1407.897 Y=8857.280 Z=360.000) RuntimeGrid:None EditorOnly:0 RuntimeOnly:0 HLODRelevant:0
 |   |   |- [+] [ 44]
 |   |   |   |- Guid:1992C32F4260EEE1AAA1CFA219F2B56C BaseClass: NativeClass:/Script/Engine.StaticMeshActor Name:StaticMeshActor_UAID_B025AA330DF5B46801_1657153688 Label:Box17 SpatiallyLoaded:1 Bounds:IsValid=true, Min=(X=1951.195 Y=7999.899 Z=0.000), Max=(X=2588.805 Y=8560.101 Z=360.000) RuntimeGrid:None EditorOnly:0 RuntimeOnly:0 HLODRelevant:0
 |   |   |- [+] [ 45]
 |   |   |   |- Guid:CE8D82634660FCDB3120E2B8D547C533 BaseClass: NativeClass:/Script/Engine.PostProcessVolume Name:PostProcessVolume_0 Label:PostProcessVolume SpatiallyLoaded:0 Bounds:IsValid=true, Min=(X=0.000 Y=0.000 Z=400.000), Max=(X=200.000 Y=200.000 Z=600.000) RuntimeGrid:None EditorOnly:0 RuntimeOnly:0 HLODRelevant:0 FolderPath:Lighting FolderGuid:0BA5F0A04EADB18E70D5B180D08FA34B
 |   |   |- [+] [ 46]
 |   |   |   |- Guid:96EBE60F403A5E917C35B190C88CCD5B BaseClass: NativeClass:/Script/Engine.StaticMeshActor Name:StaticMeshActor_UAID_B025AA330DF54F6901_2045155945 Label:Box27 SpatiallyLoaded:1 Bounds:IsValid=true, Min=(X=-1300.000 Y=19509.189 Z=0.000), Max=(X=1100.000 Y=21530.811 Z=360.000) RuntimeGrid:None EditorOnly:0 RuntimeOnly:0 HLODRelevant:0
 |   |   |- [+] [ 47]
 |   |   |   |- Guid:AE6E439540AFE6B56C71DD91ABFC0D63 BaseClass: NativeClass:/Script/Engine.StaticMeshActor Name:StaticMeshActor_UAID_B025AA330DF5506901_1390596119 Label:Box29 SpatiallyLoaded:1 Bounds:IsValid=true, Min=(X=1770.000 Y=19180.000 Z=0.000), Max=(X=1870.000 Y=22180.000 Z=360.000) RuntimeGrid:None EditorOnly:0 RuntimeOnly:0 HLODRelevant:0
 |   |   |- [+] [ 48]
 |   |   |   |- Guid:663E76D542D624444AE2468748C49F5F BaseClass: NativeClass:/Script/Engine.StaticMeshActor Name:StaticMeshActor_UAID_B025AA330DF5506901_1447339120 Label:Box30 SpatiallyLoaded:1 Bounds:IsValid=true, Min=(X=1770.000 Y=22180.000 Z=0.000), Max=(X=1870.000 Y=25180.000 Z=360.000) RuntimeGrid:None EditorOnly:0 RuntimeOnly:0 HLODRelevant:0
 |   |   |- [+] [ 49]
 |   |   |   |- Guid:68213A07412E7B5F427CDBBAFEE02F90 BaseClass: NativeClass:/Script/Engine.StaticMeshActor Name:StaticMeshActor_UAID_B025AA330DF5506901_1571028121 Label:Box31 SpatiallyLoaded:1 Bounds:IsValid=true, Min=(X=1770.000 Y=25530.000 Z=0.000), Max=(X=1870.000 Y=26130.000 Z=360.000) RuntimeGrid:None EditorOnly:0 RuntimeOnly:0 HLODRelevant:0
 |   |   |- [+] [ 50]
 |   |   |   |- Guid:B33BA3A74315FD29C555A983D9E30E8D BaseClass: NativeClass:/Script/Engine.StaticMeshActor Name:StaticMeshActor_UAID_B025AA330DF5526901_1660165487 Label:Box45 SpatiallyLoaded:1 Bounds:IsValid=true, Min=(X=-600.000 Y=25730.000 Z=0.000), Max=(X=1000.000 Y=25830.000 Z=360.000) RuntimeGrid:None EditorOnly:0 RuntimeOnly:0 HLODRelevant:0
 |   |   |- [+] [ 51]
 |   |   |   |- Guid:342A549243AD56EC6B2D69B593403087 BaseClass: NativeClass:/Script/Engine.StaticMeshActor Name:StaticMeshActor_UAID_B025AA330DF5516901_1074896299 Label:Box33 SpatiallyLoaded:1 Bounds:IsValid=true, Min=(X=1865.000 Y=26030.000 Z=0.000), Max=(X=2615.000 Y=26130.000 Z=360.000) RuntimeGrid:None EditorOnly:0 RuntimeOnly:0 HLODRelevant:0
 |   |   |- [+] [ 52]
 |   |   |   |- Guid:0DAB89254791B4DB427247A9A8D0BAC2 BaseClass: NativeClass:/Script/Engine.StaticMeshActor Name:StaticMeshActor_UAID_B025AA330DF5516901_1124476300 Label:Box34 SpatiallyLoaded:1 Bounds:IsValid=true, Min=(X=2610.000 Y=26125.000 Z=0.000), Max=(X=2710.000 Y=26375.000 Z=360.000) RuntimeGrid:None EditorOnly:0 RuntimeOnly:0 HLODRelevant:0
 |   |   |- [+] [ 53]
 |   |   |   |- Guid:ED23DF1048F99D7B38F6EE8A17ACF853 BaseClass: NativeClass:/Script/Engine.StaticMeshActor Name:StaticMeshActor_UAID_B025AA330DF5516901_1126660301 Label:Box35 SpatiallyLoaded:1 Bounds:IsValid=true, Min=(X=2710.000 Y=26365.000 Z=0.000), Max=(X=2810.000 Y=26615.000 Z=360.000) RuntimeGrid:None EditorOnly:0 RuntimeOnly:0 HLODRelevant:0
 |   |   |- [+] [ 54]
 |   |   |   |- Guid:C63D1D9C478EAE4E49F8CB9E026B53A0 BaseClass: NativeClass:/Script/Engine.StaticMeshActor Name:StaticMeshActor_UAID_B025AA330DF5516901_1149100302 Label:Box36 SpatiallyLoaded:1 Bounds:IsValid=true, Min=(X=2810.000 Y=26605.000 Z=0.000), Max=(X=2910.000 Y=26855.000 Z=360.000) RuntimeGrid:None EditorOnly:0 RuntimeOnly:0 HLODRelevant:0
 |   |   |- [+] [ 55]
 |   |   |   |- Guid:1BF507984EFD5C29D4BBBC905108DCCE BaseClass: NativeClass:/Script/Engine.StaticMeshActor Name:StaticMeshActor_UAID_B025AA330DF5516901_1551495307 Label:Box41 SpatiallyLoaded:1 Bounds:IsValid=true, Min=(X=-500.000 Y=22640.000 Z=0.000), Max=(X=1100.000 Y=23640.000 Z=360.000) RuntimeGrid:None EditorOnly:0 RuntimeOnly:0 HLODRelevant:0
 |   |   |- [+] [ 56]
 |   |   |   |- Guid:908C1A4843E9DB885FB08B9999B1300F BaseClass: NativeClass:/Script/Engine.StaticMeshActor Name:StaticMeshActor_UAID_B025AA330DF5516901_1682763308 Label:Box42 SpatiallyLoaded:1 Bounds:IsValid=true, Min=(X=-3245.000 Y=21940.000 Z=0.000), Max=(X=-495.000 Y=22940.000 Z=360.000) RuntimeGrid:None EditorOnly:0 RuntimeOnly:0 HLODRelevant:0
 |   |   |- [+] [ 57]
 |   |   |   |- Guid:4D9FA39149E224464239A1A35CCFA9C3 BaseClass: NativeClass:/Script/Engine.StaticMeshActor Name:StaticMeshActor_UAID_B025AA330DF5516901_1192492303 Label:Box37 SpatiallyLoaded:1 Bounds:IsValid=true, Min=(X=2810.000 Y=26855.000 Z=0.000), Max=(X=2910.000 Y=27105.000 Z=360.000) RuntimeGrid:None EditorOnly:0 RuntimeOnly:0 HLODRelevant:0
 |   |   |- [+] [ 58]
 |   |   |   |- Guid:A42CC1FF4263D214B87EEA84C912EF10 BaseClass: NativeClass:/Script/Engine.StaticMeshActor Name:StaticMeshActor_UAID_B025AA330DF5516901_1283827304 Label:Box38 SpatiallyLoaded:1 Bounds:IsValid=true, Min=(X=2310.000 Y=27100.000 Z=0.000), Max=(X=2910.000 Y=27200.000 Z=360.000) RuntimeGrid:None EditorOnly:0 RuntimeOnly:0 HLODRelevant:0
 |   |   |- [+] [ 59]
 |   |   |   |- Guid:C1066A174E2ECB667BE40DB970F50F89 BaseClass: NativeClass:/Script/Engine.StaticMeshActor Name:StaticMeshActor_UAID_B025AA330DF5516901_1299791305 Label:Box39 SpatiallyLoaded:1 Bounds:IsValid=true, Min=(X=1612.446 Y=27099.641 Z=0.000), Max=(X=1887.554 Y=30100.359 Z=360.000) RuntimeGrid:None EditorOnly:0 RuntimeOnly:0 HLODRelevant:0
 |   |   |- [+] [ 60]
 |   |   |   |- Guid:58F41B9B46494899FD9C1B864CC2DD0F BaseClass: NativeClass:/Script/Engine.StaticMeshActor Name:StaticMeshActor_UAID_B025AA330DF5516901_1369375306 Label:Box40 SpatiallyLoaded:1 Bounds:IsValid=true, Min=(X=2300.000 Y=27510.000 Z=0.000), Max=(X=2400.000 Y=30510.000 Z=360.000) RuntimeGrid:None EditorOnly:0 RuntimeOnly:0 HLODRelevant:0
 |   |   |- [+] [ 61]
 |   |   |   |- Guid:D765A35B4A8B789F9D6078A21E7E3C1C BaseClass: NativeClass:/Script/Engine.StaticMeshActor Name:StaticMeshActor_UAID_B025AA330DF5526901_1192951485 Label:Box43 SpatiallyLoaded:1 Bounds:IsValid=true, Min=(X=299.230 Y=23586.516 Z=0.000), Max=(X=1100.770 Y=24953.484 Z=360.000) RuntimeGrid:None EditorOnly:0 RuntimeOnly:0 HLODRelevant:0
 |   |   |- [+] [ 62]
 |   |   |   |- Guid:98A28F8346BDFD1E6FFA708075C603CE BaseClass: NativeClass:/Script/Engine.StaticMeshActor Name:StaticMeshActor_UAID_B025AA330DF5526901_1569392486 Label:Box44 SpatiallyLoaded:1 Bounds:IsValid=true, Min=(X=-610.000 Y=24850.000 Z=0.000), Max=(X=390.000 Y=24950.000 Z=360.000) RuntimeGrid:None EditorOnly:0 RuntimeOnly:0 HLODRelevant:0
 |   |   |- [+] [ 63]
 |   |   |   |- Guid:DBD725B44EEB9FAA846DAA84C60E9C92 BaseClass: NativeClass:/Script/Engine.StaticMeshActor Name:StaticMeshActor_UAID_B025AA330DF5526901_1731124488 Label:Box32 SpatiallyLoaded:1 Bounds:IsValid=true, Min=(X=900.000 Y=25825.000 Z=0.000), Max=(X=1000.000 Y=26075.000 Z=360.000) RuntimeGrid:None EditorOnly:0 RuntimeOnly:0 HLODRelevant:0
 |   |   |- [+] [ 64]
 |   |   |   |- Guid:EC88D3654B8DD8F60DF43C83C6C37CFA BaseClass: NativeClass:/Script/Engine.StaticMeshActor Name:StaticMeshActor_UAID_B025AA330DF5526901_1789379489 Label:Box46 SpatiallyLoaded:1 Bounds:IsValid=true, Min=(X=655.000 Y=26075.000 Z=0.000), Max=(X=1705.000 Y=27125.000 Z=360.000) RuntimeGrid:None EditorOnly:0 RuntimeOnly:0 HLODRelevant:0
 |   |   |- [+] [ 65]
 |   |   |   |- Guid:6812531A427AE41ADFB868AD4B163106 BaseClass: NativeClass:/Script/Engine.StaticMeshActor Name:StaticMeshActor_UAID_B025AA330DF5536901_1464951669 Label:Box49 SpatiallyLoaded:1 Bounds:IsValid=true, Min=(X=3530.000 Y=5520.000 Z=0.000), Max=(X=4530.000 Y=5620.000 Z=360.000) RuntimeGrid:None EditorOnly:0 RuntimeOnly:0 HLODRelevant:0
 |   |   |- [+] [ 66]
 |   |   |   |- Guid:2DDDA9E5416A2E07FF040798D084D7FB BaseClass: NativeClass:/Script/Engine.StaticMeshActor Name:StaticMeshActor_UAID_B025AA330DF5536901_1481314670 Label:Box50 SpatiallyLoaded:1 Bounds:IsValid=true, Min=(X=2530.000 Y=8000.000 Z=0.000), Max=(X=3530.000 Y=8100.000 Z=360.000) RuntimeGrid:None EditorOnly:0 RuntimeOnly:0 HLODRelevant:0
 |   |   |- [+] [ 67]
 |   |   |   |- Guid:987D1B8042D1CE18FBFB47A696B91A6A BaseClass: NativeClass:/Script/Engine.StaticMeshActor Name:StaticMeshActor_UAID_B025AA330DF5536901_1481317671 Label:Box51 SpatiallyLoaded:1 Bounds:IsValid=true, Min=(X=3530.000 Y=8000.000 Z=0.000), Max=(X=4530.000 Y=8100.000 Z=360.000) RuntimeGrid:None EditorOnly:0 RuntimeOnly:0 HLODRelevant:0
 |   |   |- [+] [ 68]
 |   |   |   |- Guid:4EF22A9B4373C456A06D32AE88213BE5 BaseClass: NativeClass:/Script/Engine.StaticMeshActor Name:StaticMeshActor_UAID_B025AA330DF5536901_1552344672 Label:Box11 SpatiallyLoaded:1 Bounds:IsValid=true, Min=(X=2094.927 Y=4941.960 Z=0.000), Max=(X=2605.073 Y=5618.040 Z=360.000) RuntimeGrid:None EditorOnly:0 RuntimeOnly:0 HLODRelevant:0
 |   |   |- [+] [ 69]
 |   |   |   |- Guid:66ABD90E412E46638D048D90264958DA BaseClass: NativeClass:/Script/Engine.StaticMeshActor Name:StaticMeshActor_UAID_B025AA330DF5536901_1691682673 Label:Box47 SpatiallyLoaded:1 Bounds:IsValid=true, Min=(X=5300.000 Y=4760.000 Z=0.000), Max=(X=5400.000 Y=8960.000 Z=360.000) RuntimeGrid:None EditorOnly:0 RuntimeOnly:0 HLODRelevant:0
 |   |   |- [+] [ 70]
 |   |   |   |- Guid:19146C5C4ECB506585C911A21FE63D2A BaseClass: NativeClass:/Script/Engine.StaticMeshActor Name:StaticMeshActor_UAID_B025AA330DF5536901_1710639675 Label:SM_Cube11 SpatiallyLoaded:1 Bounds:IsValid=true, Min=(X=3000.000 Y=4400.000 Z=-50.000), Max=(X=6000.000 Y=9223.668 Z=0.000) RuntimeGrid:None EditorOnly:0 RuntimeOnly:0 HLODRelevant:1 FolderPath:Playground FolderGuid:6C02BB504B69D1F3D7A624B130C18E5B
 |   |   |- [+] [ 71]
 |   |   |   |- Guid:9CA78C2144294BBD7E7927A42F82D1AC BaseClass: NativeClass:/Script/Engine.StaticMeshActor Name:StaticMeshActor_UAID_B025AA330DF5536901_2019661676 Label:Box52 SpatiallyLoaded:1 Bounds:IsValid=true, Min=(X=4817.430 Y=8960.000 Z=0.000), Max=(X=5402.570 Y=9060.000 Z=360.000) RuntimeGrid:None EditorOnly:0 RuntimeOnly:0 HLODRelevant:0
 |   |   |- [+] [ 72]
 |   |   |   |- Guid:517D9AE1409FF72B0304BA8E8D129F5A BaseClass: NativeClass:/Script/Engine.StaticMeshActor Name:StaticMeshActor_UAID_B025AA330DF5536901_2024630677 Label:Box53 SpatiallyLoaded:1 Bounds:IsValid=true, Min=(X=4817.430 Y=4660.000 Z=0.000), Max=(X=5402.570 Y=4760.000 Z=360.000) RuntimeGrid:None EditorOnly:0 RuntimeOnly:0 HLODRelevant:0
 |   |   |- [+] [ 73]
 |   |   |   |- Guid:DADA672C48F034AB9F2F828DB4186F5E BaseClass: NativeClass:/Script/Engine.StaticMeshActor Name:StaticMeshActor_UAID_B025AA330DF5546901_1093979854 Label:Box54 SpatiallyLoaded:1 Bounds:IsValid=true, Min=(X=4720.000 Y=8254.976 Z=0.000), Max=(X=4820.000 Y=9065.024 Z=360.000) RuntimeGrid:None EditorOnly:0 RuntimeOnly:0 HLODRelevant:0
 |   |   |- [+] [ 74]
 |   |   |   |- Guid:92AB0D0F4000293AD0AF2CA334E1D94C BaseClass: NativeClass:/Script/Engine.StaticMeshActor Name:StaticMeshActor_UAID_B025AA330DF5546901_1100946855 Label:Box55 SpatiallyLoaded:1 Bounds:IsValid=true, Min=(X=4720.000 Y=4654.976 Z=0.000), Max=(X=4820.000 Y=5465.024 Z=360.000) RuntimeGrid:None EditorOnly:0 RuntimeOnly:0 HLODRelevant:0
 |   |   |- [+] [ 75]
 |   |   |   |- Guid:A9C123D44C7E9944893A5A949051B323 BaseClass: NativeClass:/Script/Engine.StaticMeshActor Name:StaticMeshActor_UAID_B025AA330DF5546901_1161521856 Label:Box56 SpatiallyLoaded:1 Bounds:IsValid=true, Min=(X=4465.225 Y=7998.982 Z=0.000), Max=(X=4814.775 Y=8321.018 Z=360.000) RuntimeGrid:None EditorOnly:0 RuntimeOnly:0 HLODRelevant:0
 |   |   |- [+] [ 76]
 |   |   |   |- Guid:5CB5D5204B493AB11EB4038578D0CD59 BaseClass: NativeClass:/Script/Engine.StaticMeshActor Name:StaticMeshActor_UAID_B025AA330DF5546901_1221468857 Label:Box57 SpatiallyLoaded:1 Bounds:IsValid=true, Min=(X=4477.577 Y=5378.967 Z=0.000), Max=(X=4822.423 Y=5621.033 Z=360.000) RuntimeGrid:None EditorOnly:0 RuntimeOnly:0 HLODRelevant:0
 |   |   |- [+] [ 77]
 |   |   |   |- Guid:8A2B7C494759FE5D668E2887235FE064 BaseClass: NativeClass:/Script/Engine.StaticMeshActor Name:StaticMeshActor_UAID_B025AA330DF5546901_1280906858 Label:Box58 SpatiallyLoaded:1 Bounds:IsValid=true, Min=(X=2890.000 Y=6430.000 Z=0.000), Max=(X=4090.000 Y=7230.000 Z=360.000) RuntimeGrid:None EditorOnly:0 RuntimeOnly:0 HLODRelevant:0
 |- ContainerInstances:
 |- [+] MainContainer:
 |   |-        ID: 0x0000000000000000
 |   |-    Bounds: IsValid=false, Min=(X=0.000 Y=0.000 Z=0.000), Max=(X=0.000 Y=0.000 Z=0.000)
 |   |- Transform: 0.000000,0.000000,0.000000|0.000000,0.000000,-0.000000|1.000000,1.000000,1.000000
 |   |- Container: /Game/FirstPerson/Maps/FirstPersonMap
----------------------------------------------------------------------------------------------------------------
FirstPersonMap - Persistent Level
----------------------------------------------------------------------------------------------------------------
Always loaded Actor Count: 95 

----------------------------------------------------------------------------------------------------------------
FirstPersonMap - Runtime Spatial Hash - Streaming Grid - MainGrid
----------------------------------------------------------------------------------------------------------------
            Origin: X=0.000 Y=0.000 Z=0.000
         Cell Size: 12800
      World Bounds: IsValid=false, Min=(X=0.000 Y=0.000 Z=0.000), Max=(X=0.000 Y=0.000 Z=0.000)
     Loading Range: 25600.00
Block Slow Loading: No
 ClientOnlyVisible: No

[+] Grid Levels: 1
 |- Level  0: Cell Count    0 | Cell Size   12800 | Actor Count    0 (0.0%)

[+] Content of Grid Level 0

